<?xml version="1.0" encoding="UTF-8"?>
<!-- Generated by org.testng.reporters.JUnitXMLReporter -->
<testsuite hostname="SHOBHANA-PK" ignored="0" name="Default test" tests="4" failures="0" timestamp="18 Nov 2021 13:36:03 GMT" time="23.693" errors="0">
  <testcase name="loginToApplication" time="3.073" classname="com.murx.test.PatientRegistrationTest"/>
  <testcase name="accessPatientManagementLink" time="0.76" classname="com.murx.test.PatientRegistrationTest"/>
  <testcase name="clickPatientRegistrationButton" time="0.187" classname="com.murx.test.PatientRegistrationTest"/>
  <testcase name="test" time="19.647" classname="com.murx.test.PatientRegistrationTest"/>
</testsuite> <!-- Default test -->
